<?xml version="1.0" encoding="UTF-8"?>
<!-- Generated by org.testng.reporters.JUnitReportReporter -->
<testsuite skipped="0" hostname="IB-Pune-LAP-085" name="testCases.TC_001_ValidateLoginFunctionality" tests="1" failures="0" timestamp="15 Jun 2018 09:18:56 GMT" time="28.470" errors="0">
  <testcase name="loginFunctionality" time="28.470" classname="testCases.TC_001_ValidateLoginFunctionality"/>
</testsuite> <!-- testCases.TC_001_ValidateLoginFunctionality -->
